<?xml version="1.0" encoding="UTF-8"?>
<testsuite name="com.example.myapplication.ExampleUnitTest" tests="4" skipped="0" failures="0" errors="0" timestamp="2023-12-04T09:04:15" hostname="Weixs-Macbook.local" time="0.812">
  <properties/>
  <testcase name="testPresenter1" classname="com.example.myapplication.ExampleUnitTest" time="0.809"/>
  <testcase name="testPresenter2" classname="com.example.myapplication.ExampleUnitTest" time="0.001"/>
  <testcase name="testPresenter3" classname="com.example.myapplication.ExampleUnitTest" time="0.001"/>
  <testcase name="testPresenter4" classname="com.example.myapplication.ExampleUnitTest" time="0.001"/>
  <system-out><![CDATA[]]></system-out>
  <system-err><![CDATA[]]></system-err>
</testsuite>
